TN:
SF:src/presentation/controllers/signup.ts
FN:5,SignUpController
FN:6,Object.<anonymous>.SignUpController.handle
FNF:2
FNH:2
FNDA:2,SignUpController
FNDA:2,Object.<anonymous>.SignUpController.handle
DA:1,1
DA:2,1
DA:3,1
DA:4,1
DA:5,2
DA:6,2
DA:7,2
DA:8,2
DA:9,3
DA:10,2
DA:11,2
DA:12,3
DA:13,2
DA:14,2
LF:14
LH:14
BRDA:5,0,0,1
BRDA:5,1,0,2
BRDA:6,2,0,2
BRDA:8,3,0,3
BRDA:9,4,0,2
BRF:5
BRH:5
end_of_record
TN:
SF:src/presentation/helpers/http-helper.ts
FN:3,badRequest
FNF:1
FNH:1
FNDA:2,badRequest
DA:1,1
DA:2,1
DA:3,1
DA:4,1
DA:5,1
DA:6,1
LF:6
LH:6
BRDA:3,0,0,2
BRF:1
BRH:1
end_of_record
