TN:
SF:src/data/usecases/addAccount/db-add-account.ts
FN:3,(anonymous_13)
FN:7,DbAddAccount
FN:12,(anonymous_15)
FNF:3
FNH:3
FNDA:5,(anonymous_13)
FNDA:9,DbAddAccount
FNDA:6,(anonymous_15)
DA:3,5
DA:8,9
DA:9,9
DA:12,5
DA:13,6
DA:14,5
DA:15,4
DA:17,5
LF:8
LH:8
BRDA:13,0,0,6
BRF:1
BRH:1
end_of_record
TN:
SF:src/infra/cryptography/bcrypt-adapter.ts
FN:4,(anonymous_14)
FN:6,BcryptAdapter
FN:10,(anonymous_16)
FNF:3
FNH:3
FNDA:5,(anonymous_14)
FNDA:7,BcryptAdapter
FNDA:4,(anonymous_16)
DA:1,5
DA:4,5
DA:7,7
DA:10,5
DA:11,4
DA:12,3
DA:14,5
LF:7
LH:7
BRDA:11,0,0,4
BRF:1
BRH:1
end_of_record
TN:
SF:src/infra/db/mongodb/account-repository/account.ts
FN:6,(anonymous_13)
FN:7,(anonymous_15)
FNF:2
FNH:2
FNDA:10,(anonymous_13)
FNDA:2,(anonymous_15)
DA:4,5
DA:6,5
DA:7,5
DA:8,2
DA:9,4
DA:10,2
DA:12,5
LF:7
LH:7
BRDA:8,0,0,2
BRF:1
BRH:1
end_of_record
TN:
SF:src/infra/db/mongodb/helpers/mongo-helper.ts
FN:6,(anonymous_16)
FN:14,(anonymous_19)
FN:18,(anonymous_22)
FN:24,(anonymous_25)
FNF:4
FNH:4
FNDA:5,(anonymous_16)
FNDA:5,(anonymous_19)
FNDA:8,(anonymous_22)
FNDA:2,(anonymous_25)
DA:1,7
DA:3,7
DA:7,5
DA:8,5
DA:15,10
DA:16,5
DA:19,15
DA:20,2
DA:22,8
DA:25,2
DA:26,2
LF:11
LH:11
BRDA:15,0,0,5
BRDA:22,1,0,8
BRDA:19,2,0,7
BRF:3
BRH:3
end_of_record
TN:
SF:src/infra/db/mongodb/log-repository/log.ts
FN:4,(anonymous_13)
FN:5,(anonymous_15)
FNF:2
FNH:2
FNDA:10,(anonymous_13)
FNDA:1,(anonymous_15)
DA:2,5
DA:4,5
DA:5,5
DA:6,1
DA:7,2
DA:12,5
LF:6
LH:6
BRDA:6,0,0,1
BRF:1
BRH:1
end_of_record
TN:
SF:src/presentation/controllers/signup/signup.ts
FN:5,(anonymous_13)
FN:9,SignUpController
FN:14,(anonymous_15)
FNF:3
FNH:3
FNDA:5,(anonymous_13)
FNDA:15,SignUpController
FNDA:12,(anonymous_15)
DA:2,5
DA:3,5
DA:5,5
DA:10,15
DA:11,15
DA:14,5
DA:16,12
DA:17,42
DA:18,42
DA:19,4
DA:22,8
DA:23,8
DA:24,1
DA:26,7
DA:27,6
DA:28,1
DA:30,5
DA:35,4
DA:37,2
DA:40,5
LF:20
LH:20
BRDA:18,0,0,4
BRDA:23,1,0,1
BRDA:27,2,0,1
BRF:3
BRH:3
end_of_record
TN:
SF:src/presentation/errors/index.ts
FNF:0
FNH:0
DA:1,6
DA:2,6
DA:3,6
LF:3
LH:3
BRF:0
BRH:0
end_of_record
TN:
SF:src/presentation/errors/invalid-param-error.ts
FN:1,(anonymous_6)
FN:2,InvalidParamError
FNF:2
FNH:2
FNDA:6,(anonymous_6)
FNDA:4,InvalidParamError
DA:1,6
DA:3,4
DA:4,4
DA:6,6
LF:4
LH:4
BRDA:3,0,0,4
BRDA:3,0,1,0
BRF:2
BRH:1
end_of_record
TN:
SF:src/presentation/errors/missing-param-error.ts
FN:1,(anonymous_6)
FN:2,MissingParamError
FNF:2
FNH:2
FNDA:6,(anonymous_6)
FNDA:8,MissingParamError
DA:1,6
DA:3,8
DA:4,8
DA:6,6
LF:4
LH:4
BRDA:3,0,0,8
BRDA:3,0,1,0
BRF:2
BRH:1
end_of_record
TN:
SF:src/presentation/errors/server-error.ts
FN:1,(anonymous_6)
FN:2,ServerError
FNF:2
FNH:2
FNDA:6,(anonymous_6)
FNDA:7,ServerError
DA:1,6
DA:3,7
DA:4,7
DA:5,7
DA:7,6
LF:5
LH:5
BRDA:3,0,0,7
BRDA:3,0,1,0
BRF:2
BRH:1
end_of_record
TN:
SF:src/presentation/helpers/http-helper.ts
FN:4,(anonymous_0)
FN:9,(anonymous_1)
FN:14,(anonymous_2)
FNF:3
FNH:3
FNDA:12,(anonymous_0)
FNDA:5,(anonymous_1)
FNDA:8,(anonymous_2)
DA:2,6
DA:4,12
DA:9,6
DA:14,8
LF:4
LH:4
BRF:0
BRH:0
end_of_record
TN:
SF:src/utils/email-validator-adapter.ts
FN:4,(anonymous_1)
FN:5,(anonymous_3)
FNF:2
FNH:2
FNDA:12,(anonymous_1)
FNDA:4,(anonymous_3)
DA:2,5
DA:4,5
DA:5,5
DA:6,4
DA:8,5
LF:5
LH:5
BRF:0
BRH:0
end_of_record
